python demo.py --net vgg16 --dataset pascal_voc --checksession 1 --checkepoch 1 --checkpoint 10021 --cuda --load_dir models > my_demo.txt
demo.py:219: UserWarning: volatile was removed and now has no effect. Use `with torch.no_grad():` instead.
  im_data = Variable(im_data, volatile=True)
demo.py:220: UserWarning: volatile was removed and now has no effect. Use `with torch.no_grad():` instead.
  im_info = Variable(im_info, volatile=True)
demo.py:221: UserWarning: volatile was removed and now has no effect. Use `with torch.no_grad():` instead.
  num_boxes = Variable(num_boxes, volatile=True)
demo.py:222: UserWarning: volatile was removed and now has no effect. Use `with torch.no_grad():` instead.
  gt_boxes = Variable(gt_boxes, volatile=True)
Traceback (most recent call last):
  File "demo.py", line 291, in <module>
    rois_label = fasterRCNN(im_data, im_info, gt_boxes, num_boxes)
  File "/om/user/xf15/anaconda3/lib/python3.6/site-packages/torch/nn/modules/module.py", line 491, in __call__
    result = self.forward(*input, **kwargs)
  File "/om/user/xf15/faster-rcnn/jwyang/lib/model/faster_rcnn/faster_rcnn.py", line 50, in forward
    rois, rpn_loss_cls, rpn_loss_bbox = self.RCNN_rpn(base_feat, im_info, gt_boxes, num_boxes)
  File "/om/user/xf15/anaconda3/lib/python3.6/site-packages/torch/nn/modules/module.py", line 491, in __call__
    result = self.forward(*input, **kwargs)
  File "/om/user/xf15/faster-rcnn/jwyang/lib/model/rpn/rpn.py", line 80, in forward
    print("shitrpn")
  File "/om/user/xf15/faster-rcnn/jwyang/lib/model/rpn/rpn.py", line 80, in forward
    print("shitrpn")
  File "/om/user/xf15/anaconda3/lib/python3.6/bdb.py", line 48, in trace_dispatch
    return self.dispatch_line(frame)
  File "/om/user/xf15/anaconda3/lib/python3.6/bdb.py", line 67, in dispatch_line
    if self.quitting: raise BdbQuit
bdb.BdbQuit
