python Cindy_demo.py --net res101 --dataset pascal_voc --checksession 1 --checkepoch 7 --checkpoint 10021 --cuda
Called with args:
Namespace(batch_size=1, cfg_file='cfgs/vgg16.yml', checkepoch=7, checkpoint=10021, checksession=1, class_agnostic=False, cuda=True, dataset='pascal_voc', image_dir='images', image_sub_dir='circles', imdb_name='voc_2007_trainval', imdbval_name='voc_2007_test', load_dir='models', mGPUs=False, net='res101', parallel_type=0, set_cfgs=['ANCHOR_SCALES', '[8, 16, 32]', 'ANCHOR_RATIOS', '[0.5,1,2]', 'MAX_NUM_GT_BOXES', '20'], vis=False, webcam_num=-1)
{'ANCHOR_RATIOS': [0.5, 1, 2],
 'ANCHOR_SCALES': [8, 16, 32],
 'CROP_RESIZE_WITH_MAX_POOL': False,
 'CUDA': True,
 'DATA_DIR': '/om/user/xf15/faster-rcnn/jwyang/data',
 'DEDUP_BOXES': 0.0625,
 'EPS': 1e-14,
 'EXP_DIR': 'vgg16',
 'FEAT_STRIDE': [16],
 'GPU_ID': 0,
 'MATLAB': 'matlab',
 'MAX_NUM_GT_BOXES': 20,
 'MOBILENET': {'DEPTH_MULTIPLIER': 1.0,
               'FIXED_LAYERS': 5,
               'REGU_DEPTH': False,
               'WEIGHT_DECAY': 4e-05},
 'PIXEL_MEANS': array([[[102.9801, 115.9465, 122.7717]]]),
 'POOLING_MODE': 'align',
 'POOLING_SIZE': 7,
 'RESNET': {'FIXED_BLOCKS': 1, 'MAX_POOL': False},
 'RNG_SEED': 3,
 'ROOT_DIR': '/om/user/xf15/faster-rcnn/jwyang',
 'TEST': {'BBOX_REG': True,
          'HAS_RPN': True,
          'MAX_SIZE': 1000,
          'MODE': 'nms',
          'NMS': 0.3,
          'PROPOSAL_METHOD': 'gt',
          'RPN_MIN_SIZE': 16,
          'RPN_NMS_THRESH': 0.7,
          'RPN_POST_NMS_TOP_N': 300,
          'RPN_PRE_NMS_TOP_N': 6000,
          'RPN_TOP_N': 5000,
          'SCALES': [600],
          'SVM': False},
 'TRAIN': {'ASPECT_GROUPING': False,
           'BATCH_SIZE': 256,
           'BBOX_INSIDE_WEIGHTS': [1.0, 1.0, 1.0, 1.0],
           'BBOX_NORMALIZE_MEANS': [0.0, 0.0, 0.0, 0.0],
           'BBOX_NORMALIZE_STDS': [0.1, 0.1, 0.2, 0.2],
           'BBOX_NORMALIZE_TARGETS': True,
           'BBOX_NORMALIZE_TARGETS_PRECOMPUTED': True,
           'BBOX_REG': True,
           'BBOX_THRESH': 0.5,
           'BG_THRESH_HI': 0.5,
           'BG_THRESH_LO': 0.0,
           'BIAS_DECAY': False,
           'BN_TRAIN': False,
           'DISPLAY': 10,
           'DOUBLE_BIAS': True,
           'FG_FRACTION': 0.25,
           'FG_THRESH': 0.5,
           'GAMMA': 0.1,
           'HAS_RPN': True,
           'IMS_PER_BATCH': 1,
           'LEARNING_RATE': 0.01,
           'MAX_SIZE': 1000,
           'MOMENTUM': 0.9,
           'PROPOSAL_METHOD': 'gt',
           'RPN_BATCHSIZE': 256,
           'RPN_BBOX_INSIDE_WEIGHTS': [1.0, 1.0, 1.0, 1.0],
           'RPN_CLOBBER_POSITIVES': False,
           'RPN_FG_FRACTION': 0.5,
           'RPN_MIN_SIZE': 8,
           'RPN_NEGATIVE_OVERLAP': 0.3,
           'RPN_NMS_THRESH': 0.7,
           'RPN_POSITIVE_OVERLAP': 0.7,
           'RPN_POSITIVE_WEIGHT': -1.0,
           'RPN_POST_NMS_TOP_N': 2000,
           'RPN_PRE_NMS_TOP_N': 12000,
           'SCALES': [600],
           'SNAPSHOT_ITERS': 5000,
           'SNAPSHOT_KEPT': 3,
           'SNAPSHOT_PREFIX': 'res101_faster_rcnn',
           'STEPSIZE': [30000],
           'SUMMARY_INTERVAL': 180,
           'TRIM_HEIGHT': 600,
           'TRIM_WIDTH': 600,
           'TRUNCATED': False,
           'USE_ALL_GT': True,
           'USE_FLIPPED': True,
           'USE_GT': False,
           'WEIGHT_DECAY': 0.0005},
 'USE_GPU_NMS': True}
load checkpoint models/res101/pascal_voc/faster_rcnn_1_7_10021.pth
load model successfully!
load checkpoint models/res101/pascal_voc/faster_rcnn_1_7_10021.pth
Loaded Photo: 3600 images.
> /om/user/xf15/faster-rcnn/jwyang/lib/model/rpn/rpn.py(82)forward()
-> self.rpn_loss_cls = 0
(Pdb) 
Traceback (most recent call last):
  File "Cindy_demo.py", line 336, in <module>
    popout_rois = fasterRCNN(im_data, im_info, gt_boxes, num_boxes, iPooling_size)
  File "/om/user/xf15/anaconda3/lib/python3.6/site-packages/torch/nn/modules/module.py", line 491, in __call__
    result = self.forward(*input, **kwargs)
  File "/om/user/xf15/faster-rcnn/jwyang/lib/model/faster_rcnn/faster_rcnn.py", line 57, in forward
    rois, rpn_loss_cls, rpn_loss_bbox = self.RCNN_rpn(base_feat, im_info, gt_boxes, num_boxes)
  File "/om/user/xf15/anaconda3/lib/python3.6/site-packages/torch/nn/modules/module.py", line 491, in __call__
    result = self.forward(*input, **kwargs)
  File "/om/user/xf15/faster-rcnn/jwyang/lib/model/rpn/rpn.py", line 82, in forward
    self.rpn_loss_cls = 0
  File "/om/user/xf15/faster-rcnn/jwyang/lib/model/rpn/rpn.py", line 82, in forward
    self.rpn_loss_cls = 0
  File "/om/user/xf15/anaconda3/lib/python3.6/bdb.py", line 48, in trace_dispatch
    return self.dispatch_line(frame)
  File "/om/user/xf15/anaconda3/lib/python3.6/bdb.py", line 67, in dispatch_line
    if self.quitting: raise BdbQuit
bdb.BdbQuit
python Cindy_demo.py --net vgg16 --dataset pascal_voc --checksession 1 --checkepoch 1 --checkpoint 10021 --cuda
Called with args:
Namespace(batch_size=1, cfg_file='cfgs/vgg16.yml', checkepoch=1, checkpoint=10021, checksession=1, class_agnostic=False, cuda=True, dataset='pascal_voc', image_dir='images', image_sub_dir='circles', imdb_name='voc_2007_trainval', imdbval_name='voc_2007_test', load_dir='models', mGPUs=False, net='vgg16', parallel_type=0, set_cfgs=['ANCHOR_SCALES', '[8, 16, 32]', 'ANCHOR_RATIOS', '[0.5,1,2]', 'MAX_NUM_GT_BOXES', '20'], vis=False, webcam_num=-1)
{'ANCHOR_RATIOS': [0.5, 1, 2],
 'ANCHOR_SCALES': [8, 16, 32],
 'CROP_RESIZE_WITH_MAX_POOL': False,
 'CUDA': True,
 'DATA_DIR': '/om/user/xf15/faster-rcnn/jwyang/data',
 'DEDUP_BOXES': 0.0625,
 'EPS': 1e-14,
 'EXP_DIR': 'vgg16',
 'FEAT_STRIDE': [16],
 'GPU_ID': 0,
 'MATLAB': 'matlab',
 'MAX_NUM_GT_BOXES': 20,
 'MOBILENET': {'DEPTH_MULTIPLIER': 1.0,
               'FIXED_LAYERS': 5,
               'REGU_DEPTH': False,
               'WEIGHT_DECAY': 4e-05},
 'PIXEL_MEANS': array([[[102.9801, 115.9465, 122.7717]]]),
 'POOLING_MODE': 'align',
 'POOLING_SIZE': 7,
 'RESNET': {'FIXED_BLOCKS': 1, 'MAX_POOL': False},
 'RNG_SEED': 3,
 'ROOT_DIR': '/om/user/xf15/faster-rcnn/jwyang',
 'TEST': {'BBOX_REG': True,
          'HAS_RPN': True,
          'MAX_SIZE': 1000,
          'MODE': 'nms',
          'NMS': 0.3,
          'PROPOSAL_METHOD': 'gt',
          'RPN_MIN_SIZE': 16,
          'RPN_NMS_THRESH': 0.7,
          'RPN_POST_NMS_TOP_N': 300,
          'RPN_PRE_NMS_TOP_N': 6000,
          'RPN_TOP_N': 5000,
          'SCALES': [600],
          'SVM': False},
 'TRAIN': {'ASPECT_GROUPING': False,
           'BATCH_SIZE': 256,
           'BBOX_INSIDE_WEIGHTS': [1.0, 1.0, 1.0, 1.0],
           'BBOX_NORMALIZE_MEANS': [0.0, 0.0, 0.0, 0.0],
           'BBOX_NORMALIZE_STDS': [0.1, 0.1, 0.2, 0.2],
           'BBOX_NORMALIZE_TARGETS': True,
           'BBOX_NORMALIZE_TARGETS_PRECOMPUTED': True,
           'BBOX_REG': True,
           'BBOX_THRESH': 0.5,
           'BG_THRESH_HI': 0.5,
           'BG_THRESH_LO': 0.0,
           'BIAS_DECAY': False,
           'BN_TRAIN': False,
           'DISPLAY': 10,
           'DOUBLE_BIAS': True,
           'FG_FRACTION': 0.25,
           'FG_THRESH': 0.5,
           'GAMMA': 0.1,
           'HAS_RPN': True,
           'IMS_PER_BATCH': 1,
           'LEARNING_RATE': 0.01,
           'MAX_SIZE': 1000,
           'MOMENTUM': 0.9,
           'PROPOSAL_METHOD': 'gt',
           'RPN_BATCHSIZE': 256,
           'RPN_BBOX_INSIDE_WEIGHTS': [1.0, 1.0, 1.0, 1.0],
           'RPN_CLOBBER_POSITIVES': False,
           'RPN_FG_FRACTION': 0.5,
           'RPN_MIN_SIZE': 8,
           'RPN_NEGATIVE_OVERLAP': 0.3,
           'RPN_NMS_THRESH': 0.7,
           'RPN_POSITIVE_OVERLAP': 0.7,
           'RPN_POSITIVE_WEIGHT': -1.0,
           'RPN_POST_NMS_TOP_N': 2000,
           'RPN_PRE_NMS_TOP_N': 12000,
           'SCALES': [600],
           'SNAPSHOT_ITERS': 5000,
           'SNAPSHOT_KEPT': 3,
           'SNAPSHOT_PREFIX': 'res101_faster_rcnn',
           'STEPSIZE': [30000],
           'SUMMARY_INTERVAL': 180,
           'TRIM_HEIGHT': 600,
           'TRIM_WIDTH': 600,
           'TRUNCATED': False,
           'USE_ALL_GT': True,
           'USE_FLIPPED': True,
           'USE_GT': False,
           'WEIGHT_DECAY': 0.0005},
 'USE_GPU_NMS': True}
load checkpoint models/vgg16/pascal_voc/faster_rcnn_1_1_10021.pth
load model successfully!
load checkpoint models/vgg16/pascal_voc/faster_rcnn_1_1_10021.pth
Loaded Photo: 3600 images.
> /om/user/xf15/faster-rcnn/jwyang/lib/model/rpn/rpn.py(82)forward()
-> self.rpn_loss_cls = 0
(Pdb) 
Traceback (most recent call last):
  File "Cindy_demo.py", line 336, in <module>
    popout_rois = fasterRCNN(im_data, im_info, gt_boxes, num_boxes, iPooling_size)
  File "/om/user/xf15/anaconda3/lib/python3.6/site-packages/torch/nn/modules/module.py", line 491, in __call__
    result = self.forward(*input, **kwargs)
  File "/om/user/xf15/faster-rcnn/jwyang/lib/model/faster_rcnn/faster_rcnn.py", line 57, in forward
    rois, rpn_loss_cls, rpn_loss_bbox = self.RCNN_rpn(base_feat, im_info, gt_boxes, num_boxes)
  File "/om/user/xf15/anaconda3/lib/python3.6/site-packages/torch/nn/modules/module.py", line 491, in __call__
    result = self.forward(*input, **kwargs)
  File "/om/user/xf15/faster-rcnn/jwyang/lib/model/rpn/rpn.py", line 82, in forward
    self.rpn_loss_cls = 0
  File "/om/user/xf15/faster-rcnn/jwyang/lib/model/rpn/rpn.py", line 82, in forward
    self.rpn_loss_cls = 0
  File "/om/user/xf15/anaconda3/lib/python3.6/bdb.py", line 48, in trace_dispatch
    return self.dispatch_line(frame)
  File "/om/user/xf15/anaconda3/lib/python3.6/bdb.py", line 67, in dispatch_line
    if self.quitting: raise BdbQuit
bdb.BdbQuit
python Cindy_demo.py --net res101 --dataset vg --checksession 1 --checkepoch 20 --checkpoint 16193 --cuda
shitanchor
Called with args:
Namespace(batch_size=1, cfg_file='cfgs/vgg16.yml', checkepoch=20, checkpoint=16193, checksession=1, class_agnostic=False, cuda=True, dataset='vg', image_dir='images', image_sub_dir='circles', imdb_name='vg_150-50-50_minitrain', imdbval_name='vg_150-50-50_minival', load_dir='models', mGPUs=False, net='res101', parallel_type=0, set_cfgs=['ANCHOR_SCALES', '[4, 8, 16, 32]', 'ANCHOR_RATIOS', '[0.5,1,2]', 'MAX_NUM_GT_BOXES', '50'], vis=False, webcam_num=-1)
{'ANCHOR_RATIOS': [0.5, 1, 2],
 'ANCHOR_SCALES': [4, 8, 16, 32],
 'CROP_RESIZE_WITH_MAX_POOL': False,
 'CUDA': True,
 'DATA_DIR': '/om/user/xf15/faster-rcnn/jwyang/data',
 'DEDUP_BOXES': 0.0625,
 'EPS': 1e-14,
 'EXP_DIR': 'vgg16',
 'FEAT_STRIDE': [16],
 'GPU_ID': 0,
 'MATLAB': 'matlab',
 'MAX_NUM_GT_BOXES': 50,
 'MOBILENET': {'DEPTH_MULTIPLIER': 1.0,
               'FIXED_LAYERS': 5,
               'REGU_DEPTH': False,
               'WEIGHT_DECAY': 4e-05},
 'PIXEL_MEANS': array([[[102.9801, 115.9465, 122.7717]]]),
 'POOLING_MODE': 'align',
 'POOLING_SIZE': 7,
 'RESNET': {'FIXED_BLOCKS': 1, 'MAX_POOL': False},
 'RNG_SEED': 3,
 'ROOT_DIR': '/om/user/xf15/faster-rcnn/jwyang',
 'TEST': {'BBOX_REG': True,
          'HAS_RPN': True,
          'MAX_SIZE': 1000,
          'MODE': 'nms',
          'NMS': 0.3,
          'PROPOSAL_METHOD': 'gt',
          'RPN_MIN_SIZE': 16,
          'RPN_NMS_THRESH': 0.7,
          'RPN_POST_NMS_TOP_N': 300,
          'RPN_PRE_NMS_TOP_N': 6000,
          'RPN_TOP_N': 5000,
          'SCALES': [600],
          'SVM': False},
 'TRAIN': {'ASPECT_GROUPING': False,
           'BATCH_SIZE': 256,
           'BBOX_INSIDE_WEIGHTS': [1.0, 1.0, 1.0, 1.0],
           'BBOX_NORMALIZE_MEANS': [0.0, 0.0, 0.0, 0.0],
           'BBOX_NORMALIZE_STDS': [0.1, 0.1, 0.2, 0.2],
           'BBOX_NORMALIZE_TARGETS': True,
           'BBOX_NORMALIZE_TARGETS_PRECOMPUTED': True,
           'BBOX_REG': True,
           'BBOX_THRESH': 0.5,
           'BG_THRESH_HI': 0.5,
           'BG_THRESH_LO': 0.0,
           'BIAS_DECAY': False,
           'BN_TRAIN': False,
           'DISPLAY': 10,
           'DOUBLE_BIAS': True,
           'FG_FRACTION': 0.25,
           'FG_THRESH': 0.5,
           'GAMMA': 0.1,
           'HAS_RPN': True,
           'IMS_PER_BATCH': 1,
           'LEARNING_RATE': 0.01,
           'MAX_SIZE': 1000,
           'MOMENTUM': 0.9,
           'PROPOSAL_METHOD': 'gt',
           'RPN_BATCHSIZE': 256,
           'RPN_BBOX_INSIDE_WEIGHTS': [1.0, 1.0, 1.0, 1.0],
           'RPN_CLOBBER_POSITIVES': False,
           'RPN_FG_FRACTION': 0.5,
           'RPN_MIN_SIZE': 8,
           'RPN_NEGATIVE_OVERLAP': 0.3,
           'RPN_NMS_THRESH': 0.7,
           'RPN_POSITIVE_OVERLAP': 0.7,
           'RPN_POSITIVE_WEIGHT': -1.0,
           'RPN_POST_NMS_TOP_N': 2000,
           'RPN_PRE_NMS_TOP_N': 12000,
           'SCALES': [600],
           'SNAPSHOT_ITERS': 5000,
           'SNAPSHOT_KEPT': 3,
           'SNAPSHOT_PREFIX': 'res101_faster_rcnn',
           'STEPSIZE': [30000],
           'SUMMARY_INTERVAL': 180,
           'TRIM_HEIGHT': 600,
           'TRIM_WIDTH': 600,
           'TRUNCATED': False,
           'USE_ALL_GT': True,
           'USE_FLIPPED': True,
           'USE_GT': False,
           'WEIGHT_DECAY': 0.0005},
 'USE_GPU_NMS': True}
load checkpoint models/res101/vg/faster_rcnn_1_20_16193.pth
load model successfully!
load checkpoint models/res101/vg/faster_rcnn_1_20_16193.pth
Loaded Photo: 3600 images.
> /om/user/xf15/faster-rcnn/jwyang/lib/model/rpn/rpn.py(82)forward()
-> self.rpn_loss_cls = 0
(Pdb) 
Traceback (most recent call last):
  File "Cindy_demo.py", line 336, in <module>
    popout_rois = fasterRCNN(im_data, im_info, gt_boxes, num_boxes, iPooling_size)
  File "/om/user/xf15/anaconda3/lib/python3.6/site-packages/torch/nn/modules/module.py", line 491, in __call__
    result = self.forward(*input, **kwargs)
  File "/om/user/xf15/faster-rcnn/jwyang/lib/model/faster_rcnn/faster_rcnn.py", line 57, in forward
    rois, rpn_loss_cls, rpn_loss_bbox = self.RCNN_rpn(base_feat, im_info, gt_boxes, num_boxes)
  File "/om/user/xf15/anaconda3/lib/python3.6/site-packages/torch/nn/modules/module.py", line 491, in __call__
    result = self.forward(*input, **kwargs)
  File "/om/user/xf15/faster-rcnn/jwyang/lib/model/rpn/rpn.py", line 82, in forward
    self.rpn_loss_cls = 0
  File "/om/user/xf15/faster-rcnn/jwyang/lib/model/rpn/rpn.py", line 82, in forward
    self.rpn_loss_cls = 0
  File "/om/user/xf15/anaconda3/lib/python3.6/bdb.py", line 48, in trace_dispatch
    return self.dispatch_line(frame)
  File "/om/user/xf15/anaconda3/lib/python3.6/bdb.py", line 67, in dispatch_line
    if self.quitting: raise BdbQuit
bdb.BdbQuit
python Cindy_demo.py --net vgg16 --dataset vg --checksession 1 --checkepoch 19 --checkpoint 48611 --cuda
shitanchor
Called with args:
Namespace(batch_size=1, cfg_file='cfgs/vgg16.yml', checkepoch=19, checkpoint=48611, checksession=1, class_agnostic=False, cuda=True, dataset='vg', image_dir='images', image_sub_dir='circles', imdb_name='vg_150-50-50_minitrain', imdbval_name='vg_150-50-50_minival', load_dir='models', mGPUs=False, net='vgg16', parallel_type=0, set_cfgs=['ANCHOR_SCALES', '[4, 8, 16, 32]', 'ANCHOR_RATIOS', '[0.5,1,2]', 'MAX_NUM_GT_BOXES', '50'], vis=False, webcam_num=-1)
{'ANCHOR_RATIOS': [0.5, 1, 2],
 'ANCHOR_SCALES': [4, 8, 16, 32],
 'CROP_RESIZE_WITH_MAX_POOL': False,
 'CUDA': True,
 'DATA_DIR': '/om/user/xf15/faster-rcnn/jwyang/data',
 'DEDUP_BOXES': 0.0625,
 'EPS': 1e-14,
 'EXP_DIR': 'vgg16',
 'FEAT_STRIDE': [16],
 'GPU_ID': 0,
 'MATLAB': 'matlab',
 'MAX_NUM_GT_BOXES': 50,
 'MOBILENET': {'DEPTH_MULTIPLIER': 1.0,
               'FIXED_LAYERS': 5,
               'REGU_DEPTH': False,
               'WEIGHT_DECAY': 4e-05},
 'PIXEL_MEANS': array([[[102.9801, 115.9465, 122.7717]]]),
 'POOLING_MODE': 'align',
 'POOLING_SIZE': 7,
 'RESNET': {'FIXED_BLOCKS': 1, 'MAX_POOL': False},
 'RNG_SEED': 3,
 'ROOT_DIR': '/om/user/xf15/faster-rcnn/jwyang',
 'TEST': {'BBOX_REG': True,
          'HAS_RPN': True,
          'MAX_SIZE': 1000,
          'MODE': 'nms',
          'NMS': 0.3,
          'PROPOSAL_METHOD': 'gt',
          'RPN_MIN_SIZE': 16,
          'RPN_NMS_THRESH': 0.7,
          'RPN_POST_NMS_TOP_N': 300,
          'RPN_PRE_NMS_TOP_N': 6000,
          'RPN_TOP_N': 5000,
          'SCALES': [600],
          'SVM': False},
 'TRAIN': {'ASPECT_GROUPING': False,
           'BATCH_SIZE': 256,
           'BBOX_INSIDE_WEIGHTS': [1.0, 1.0, 1.0, 1.0],
           'BBOX_NORMALIZE_MEANS': [0.0, 0.0, 0.0, 0.0],
           'BBOX_NORMALIZE_STDS': [0.1, 0.1, 0.2, 0.2],
           'BBOX_NORMALIZE_TARGETS': True,
           'BBOX_NORMALIZE_TARGETS_PRECOMPUTED': True,
           'BBOX_REG': True,
           'BBOX_THRESH': 0.5,
           'BG_THRESH_HI': 0.5,
           'BG_THRESH_LO': 0.0,
           'BIAS_DECAY': False,
           'BN_TRAIN': False,
           'DISPLAY': 10,
           'DOUBLE_BIAS': True,
           'FG_FRACTION': 0.25,
           'FG_THRESH': 0.5,
           'GAMMA': 0.1,
           'HAS_RPN': True,
           'IMS_PER_BATCH': 1,
           'LEARNING_RATE': 0.01,
           'MAX_SIZE': 1000,
           'MOMENTUM': 0.9,
           'PROPOSAL_METHOD': 'gt',
           'RPN_BATCHSIZE': 256,
           'RPN_BBOX_INSIDE_WEIGHTS': [1.0, 1.0, 1.0, 1.0],
           'RPN_CLOBBER_POSITIVES': False,
           'RPN_FG_FRACTION': 0.5,
           'RPN_MIN_SIZE': 8,
           'RPN_NEGATIVE_OVERLAP': 0.3,
           'RPN_NMS_THRESH': 0.7,
           'RPN_POSITIVE_OVERLAP': 0.7,
           'RPN_POSITIVE_WEIGHT': -1.0,
           'RPN_POST_NMS_TOP_N': 2000,
           'RPN_PRE_NMS_TOP_N': 12000,
           'SCALES': [600],
           'SNAPSHOT_ITERS': 5000,
           'SNAPSHOT_KEPT': 3,
           'SNAPSHOT_PREFIX': 'res101_faster_rcnn',
           'STEPSIZE': [30000],
           'SUMMARY_INTERVAL': 180,
           'TRIM_HEIGHT': 600,
           'TRIM_WIDTH': 600,
           'TRUNCATED': False,
           'USE_ALL_GT': True,
           'USE_FLIPPED': True,
           'USE_GT': False,
           'WEIGHT_DECAY': 0.0005},
 'USE_GPU_NMS': True}
load checkpoint models/vgg16/vg/faster_rcnn_1_19_48611.pth
load model successfully!
load checkpoint models/vgg16/vg/faster_rcnn_1_19_48611.pth
Loaded Photo: 3600 images.
> /om/user/xf15/faster-rcnn/jwyang/lib/model/rpn/rpn.py(82)forward()
-> self.rpn_loss_cls = 0
(Pdb) 
Traceback (most recent call last):
  File "Cindy_demo.py", line 336, in <module>
    popout_rois = fasterRCNN(im_data, im_info, gt_boxes, num_boxes, iPooling_size)
  File "/om/user/xf15/anaconda3/lib/python3.6/site-packages/torch/nn/modules/module.py", line 491, in __call__
    result = self.forward(*input, **kwargs)
  File "/om/user/xf15/faster-rcnn/jwyang/lib/model/faster_rcnn/faster_rcnn.py", line 57, in forward
    rois, rpn_loss_cls, rpn_loss_bbox = self.RCNN_rpn(base_feat, im_info, gt_boxes, num_boxes)
  File "/om/user/xf15/anaconda3/lib/python3.6/site-packages/torch/nn/modules/module.py", line 491, in __call__
    result = self.forward(*input, **kwargs)
  File "/om/user/xf15/faster-rcnn/jwyang/lib/model/rpn/rpn.py", line 82, in forward
    self.rpn_loss_cls = 0
  File "/om/user/xf15/faster-rcnn/jwyang/lib/model/rpn/rpn.py", line 82, in forward
    self.rpn_loss_cls = 0
  File "/om/user/xf15/anaconda3/lib/python3.6/bdb.py", line 48, in trace_dispatch
    return self.dispatch_line(frame)
  File "/om/user/xf15/anaconda3/lib/python3.6/bdb.py", line 67, in dispatch_line
    if self.quitting: raise BdbQuit
bdb.BdbQuit
